[2m7:24:12 p. m.[22m [31m[1m[vite][22m[39m [31mInternal server error: EBUSY: resource busy or locked, open 'C:\Users\Dani No-Admin\Documents\GitHub\ai-chess-trainer\src\App.jsx'[39m
      at async open (node:internal/fs/promises:641:25)
      at async Object.readFile (node:internal/fs/promises:1245:14)
      at async loadAndTransform (file:///C:/Users/Dani%20No-Admin/Documents/GitHub/ai-chess-trainer/node_modules/vite/dist/node/chunks/config.js:22633:12)
      at async viteTransformMiddleware (file:///C:/Users/Dani%20No-Admin/Documents/GitHub/ai-chess-trainer/node_modules/vite/dist/node/chunks/config.js:24542:20)
[2m7:47:34 p. m.[22m [31m[1m[vite][22m[39m [31mInternal server error: C:\Users\Dani No-Admin\Documents\GitHub\ai-chess-trainer\src\components\board-panel.jsx: Unexpected token (580:7)

[0m [90m 578 |[31m       {[90m/* Captured pieces — opponent (top) */[31m}
 [90m 579 |[31m       {[33m![31mhideHud [33m&&[31m (
[31m[1m>[22m[31m[90m 580 |[31m       {[33m![31mhideHud [33m&&[31m (
 [90m     |[31m        [31m[1m^[22m[31m
 [90m 581 |[31m       [33m<[31m[33mdiv[31m
 [90m 582 |[31m         className[33m=[31m[32m"w-full flex justify-between items-center px-1"[31m
 [90m 583 |[31m         style[33m=[31m{{ maxWidth[33m:[31m boardWidth }}[0m[39m
  Plugin: [35mvite:react-babel[39m
  File: [36mC:/Users/Dani No-Admin/Documents/GitHub/ai-chess-trainer/src/components/board-panel.jsx[39m:580:7
[33m  578 |        {/* Captured pieces — opponent (top) */}
  579 |        {!hideHud && (
  580 |        {!hideHud && (
      |         ^
  581 |        <div
  582 |          className="w-full flex justify-between items-center px-1"[39m
      at constructor (C:\Users\Dani No-Admin\Documents\GitHub\ai-chess-trainer\node_modules\@babel\parser\lib\index.js:365:19)
      at JSXParserMixin.raise (C:\Users\Dani No-Admin\Documents\GitHub\ai-chess-trainer\node_modules\@babel\parser\lib\index.js:6599:19)
      at JSXParserMixin.unexpected (C:\Users\Dani No-Admin\Documents\GitHub\ai-chess-trainer\node_modules\@babel\parser\lib\index.js:6619:16)
      at JSXParserMixin.parsePropertyName (C:\Users\Dani No-Admin\Documents\GitHub\ai-chess-trainer\node_modules\@babel\parser\lib\index.js:12024:18)
      at JSXParserMixin.parsePropertyDefinition (C:\Users\Dani No-Admin\Documents\GitHub\ai-chess-trainer\node_modules\@babel\parser\lib\index.js:11889:10)
      at JSXParserMixin.parseObjectLike (C:\Users\Dani No-Admin\Documents\GitHub\ai-chess-trainer\node_modules\@babel\parser\lib\index.js:11832:21)
      at JSXParserMixin.parseExprAtom (C:\Users\Dani No-Admin\Documents\GitHub\ai-chess-trainer\node_modules\@babel\parser\lib\index.js:11339:23)
      at JSXParserMixin.parseExprAtom (C:\Users\Dani No-Admin\Documents\GitHub\ai-chess-trainer\node_modules\@babel\parser\lib\index.js:4764:20)
      at JSXParserMixin.parseExprSubscripts (C:\Users\Dani No-Admin\Documents\GitHub\ai-chess-trainer\node_modules\@babel\parser\lib\index.js:11081:23)
      at JSXParserMixin.parseUpdate (C:\Users\Dani No-Admin\Documents\GitHub\ai-chess-trainer\node_modules\@babel\parser\lib\index.js:11066:21)
      at JSXParserMixin.parseMaybeUnary (C:\Users\Dani No-Admin\Documents\GitHub\ai-chess-trainer\node_modules\@babel\parser\lib\index.js:11046:23)
      at JSXParserMixin.parseMaybeUnaryOrPrivate (C:\Users\Dani No-Admin\Documents\GitHub\ai-chess-trainer\node_modules\@babel\parser\lib\index.js:10899:61)
      at JSXParserMixin.parseExprOps (C:\Users\Dani No-Admin\Documents\GitHub\ai-chess-trainer\node_modules\@babel\parser\lib\index.js:10904:23)
      at JSXParserMixin.parseMaybeConditional (C:\Users\Dani No-Admin\Documents\GitHub\ai-chess-trainer\node_modules\@babel\parser\lib\index.js:10881:23)
      at JSXParserMixin.parseMaybeAssign (C:\Users\Dani No-Admin\Documents\GitHub\ai-chess-trainer\node_modules\@babel\parser\lib\index.js:10831:21)
      at C:\Users\Dani No-Admin\Documents\GitHub\ai-chess-trainer\node_modules\@babel\parser\lib\index.js:10800:39
      at JSXParserMixin.allowInAnd (C:\Users\Dani No-Admin\Documents\GitHub\ai-chess-trainer\node_modules\@babel\parser\lib\index.js:12426:12)
      at JSXParserMixin.parseMaybeAssignAllowIn (C:\Users\Dani No-Admin\Documents\GitHub\ai-chess-trainer\node_modules\@babel\parser\lib\index.js:10800:17)
      at JSXParserMixin.parseMaybeAssignAllowInOrVoidPattern (C:\Users\Dani No-Admin\Documents\GitHub\ai-chess-trainer\node_modules\@babel\parser\lib\index.js:12493:17)
      at JSXParserMixin.parseParenAndDistinguishExpression (C:\Users\Dani No-Admin\Documents\GitHub\ai-chess-trainer\node_modules\@babel\parser\lib\index.js:11675:28)
      at JSXParserMixin.parseExprAtom (C:\Users\Dani No-Admin\Documents\GitHub\ai-chess-trainer\node_modules\@babel\parser\lib\index.js:11331:23)
      at JSXParserMixin.parseExprAtom (C:\Users\Dani No-Admin\Documents\GitHub\ai-chess-trainer\node_modules\@babel\parser\lib\index.js:4764:20)
      at JSXParserMixin.parseExprSubscripts (C:\Users\Dani No-Admin\Documents\GitHub\ai-chess-trainer\node_modules\@babel\parser\lib\index.js:11081:23)
      at JSXParserMixin.parseUpdate (C:\Users\Dani No-Admin\Documents\GitHub\ai-chess-trainer\node_modules\@babel\parser\lib\index.js:11066:21)
      at JSXParserMixin.parseMaybeUnary (C:\Users\Dani No-Admin\Documents\GitHub\ai-chess-trainer\node_modules\@babel\parser\lib\index.js:11046:23)
      at JSXParserMixin.parseMaybeUnaryOrPrivate (C:\Users\Dani No-Admin\Documents\GitHub\ai-chess-trainer\node_modules\@babel\parser\lib\index.js:10899:61)
      at JSXParserMixin.parseExprOpBaseRightExpr (C:\Users\Dani No-Admin\Documents\GitHub\ai-chess-trainer\node_modules\@babel\parser\lib\index.js:10986:34)
      at JSXParserMixin.parseExprOpRightExpr (C:\Users\Dani No-Admin\Documents\GitHub\ai-chess-trainer\node_modules\@babel\parser\lib\index.js:10981:21)
      at JSXParserMixin.parseExprOp (C:\Users\Dani No-Admin\Documents\GitHub\ai-chess-trainer\node_modules\@babel\parser\lib\index.js:10947:27)
      at JSXParserMixin.parseExprOps (C:\Users\Dani No-Admin\Documents\GitHub\ai-chess-trainer\node_modules\@babel\parser\lib\index.js:10908:17)
      at JSXParserMixin.parseMaybeConditional (C:\Users\Dani No-Admin\Documents\GitHub\ai-chess-trainer\node_modules\@babel\parser\lib\index.js:10881:23)
      at JSXParserMixin.parseMaybeAssign (C:\Users\Dani No-Admin\Documents\GitHub\ai-chess-trainer\node_modules\@babel\parser\lib\index.js:10831:21)
      at JSXParserMixin.parseExpressionBase (C:\Users\Dani No-Admin\Documents\GitHub\ai-chess-trainer\node_modules\@babel\parser\lib\index.js:10784:23)
      at C:\Users\Dani No-Admin\Documents\GitHub\ai-chess-trainer\node_modules\@babel\parser\lib\index.js:10780:39
      at JSXParserMixin.allowInAnd (C:\Users\Dani No-Admin\Documents\GitHub\ai-chess-trainer\node_modules\@babel\parser\lib\index.js:12426:12)
      at JSXParserMixin.parseExpression (C:\Users\Dani No-Admin\Documents\GitHub\ai-chess-trainer\node_modules\@babel\parser\lib\index.js:10780:17)
      at JSXParserMixin.jsxParseExpressionContainer (C:\Users\Dani No-Admin\Documents\GitHub\ai-chess-trainer\node_modules\@babel\parser\lib\index.js:4632:31)
      at JSXParserMixin.jsxParseElementAt (C:\Users\Dani No-Admin\Documents\GitHub\ai-chess-trainer\node_modules\@babel\parser\lib\index.js:4711:36)
      at JSXParserMixin.jsxParseElement (C:\Users\Dani No-Admin\Documents\GitHub\ai-chess-trainer\node_modules\@babel\parser\lib\index.js:4749:17)
      at JSXParserMixin.parseExprAtom (C:\Users\Dani No-Admin\Documents\GitHub\ai-chess-trainer\node_modules\@babel\parser\lib\index.js:4759:19)
      at JSXParserMixin.parseExprSubscripts (C:\Users\Dani No-Admin\Documents\GitHub\ai-chess-trainer\node_modules\@babel\parser\lib\index.js:11081:23)
      at JSXParserMixin.parseUpdate (C:\Users\Dani No-Admin\Documents\GitHub\ai-chess-trainer\node_modules\@babel\parser\lib\index.js:11066:21)
      at JSXParserMixin.parseMaybeUnary (C:\Users\Dani No-Admin\Documents\GitHub\ai-chess-trainer\node_modules\@babel\parser\lib\index.js:11046:23)
      at JSXParserMixin.parseMaybeUnaryOrPrivate (C:\Users\Dani No-Admin\Documents\GitHub\ai-chess-trainer\node_modules\@babel\parser\lib\index.js:10899:61)
      at JSXParserMixin.parseExprOps (C:\Users\Dani No-Admin\Documents\GitHub\ai-chess-trainer\node_modules\@babel\parser\lib\index.js:10904:23)
      at JSXParserMixin.parseMaybeConditional (C:\Users\Dani No-Admin\Documents\GitHub\ai-chess-trainer\node_modules\@babel\parser\lib\index.js:10881:23)
      at JSXParserMixin.parseMaybeAssign (C:\Users\Dani No-Admin\Documents\GitHub\ai-chess-trainer\node_modules\@babel\parser\lib\index.js:10831:21)
      at C:\Users\Dani No-Admin\Documents\GitHub\ai-chess-trainer\node_modules\@babel\parser\lib\index.js:10800:39
      at JSXParserMixin.allowInAnd (C:\Users\Dani No-Admin\Documents\GitHub\ai-chess-trainer\node_modules\@babel\parser\lib\index.js:12426:12)
      at JSXParserMixin.parseMaybeAssignAllowIn (C:\Users\Dani No-Admin\Documents\GitHub\ai-chess-trainer\node_modules\@babel\parser\lib\index.js:10800:17)
[2m7:48:49 p. m.[22m [31m[1m[vite][22m[39m [31m[2m(client)[22m[39m Pre-transform error: C:\Users\Dani No-Admin\Documents\GitHub\ai-chess-trainer\src\components\board-panel.jsx: Unexpected token (580:7)

[0m [90m 578 |[39m       {[90m/* Captured pieces — opponent (top) */[39m}
 [90m 579 |[39m       {[33m![39mhideHud [33m&&[39m (
[31m[1m>[22m[39m[90m 580 |[39m       {[33m![39mhideHud [33m&&[39m (
 [90m     |[39m        [31m[1m^[22m[39m
 [90m 581 |[39m       [33m<[39m[33mdiv[39m
 [90m 582 |[39m         className[33m=[39m[32m"w-full flex justify-between items-center px-1"[39m
 [90m 583 |[39m         style[33m=[39m{{ maxWidth[33m:[39m boardWidth }}[0m
  Plugin: [35mvite:react-babel[39m
  File: [36mC:/Users/Dani No-Admin/Documents/GitHub/ai-chess-trainer/src/components/board-panel.jsx[39m:580:7
[33m  578 |        {/* Captured pieces — opponent (top) */}
  579 |        {!hideHud && (
  580 |        {!hideHud && (
      |         ^
  581 |        <div
  582 |          className="w-full flex justify-between items-center px-1"[39m
[2m7:48:57 p. m.[22m [31m[1m[vite][22m[39m [31m[2m(client)[22m[39m Pre-transform error: C:\Users\Dani No-Admin\Documents\GitHub\ai-chess-trainer\src\components\board-panel.jsx: Unexpected token (580:7)

[0m [90m 578 |[39m       {[90m/* Captured pieces — opponent (top) */[39m}
 [90m 579 |[39m       {[33m![39mhideHud [33m&&[39m (
[31m[1m>[22m[39m[90m 580 |[39m       {[33m![39mhideHud [33m&&[39m (
 [90m     |[39m        [31m[1m^[22m[39m
 [90m 581 |[39m       [33m<[39m[33mdiv[39m
 [90m 582 |[39m         className[33m=[39m[32m"w-full flex justify-between items-center px-1"[39m
 [90m 583 |[39m         style[33m=[39m{{ maxWidth[33m:[39m boardWidth }}[0m
  Plugin: [35mvite:react-babel[39m
  File: [36mC:/Users/Dani No-Admin/Documents/GitHub/ai-chess-trainer/src/components/board-panel.jsx[39m:580:7
[33m  578 |        {/* Captured pieces — opponent (top) */}
  579 |        {!hideHud && (
  580 |        {!hideHud && (
      |         ^
  581 |        <div
  582 |          className="w-full flex justify-between items-center px-1"[39m
[2m7:49:05 p. m.[22m [31m[1m[vite][22m[39m [31m[2m(client)[22m[39m Pre-transform error: C:\Users\Dani No-Admin\Documents\GitHub\ai-chess-trainer\src\components\board-panel.jsx: Unexpected token (580:7)

[0m [90m 578 |[39m       {[90m/* Captured pieces — opponent (top) */[39m}
 [90m 579 |[39m       {[33m![39mhideHud [33m&&[39m (
[31m[1m>[22m[39m[90m 580 |[39m       {[33m![39mhideHud [33m&&[39m (
 [90m     |[39m        [31m[1m^[22m[39m
 [90m 581 |[39m       [33m<[39m[33mdiv[39m
 [90m 582 |[39m         className[33m=[39m[32m"w-full flex justify-between items-center px-1"[39m
 [90m 583 |[39m         style[33m=[39m{{ maxWidth[33m:[39m boardWidth }}[0m
  Plugin: [35mvite:react-babel[39m
  File: [36mC:/Users/Dani No-Admin/Documents/GitHub/ai-chess-trainer/src/components/board-panel.jsx[39m:580:7
[33m  578 |        {/* Captured pieces — opponent (top) */}
  579 |        {!hideHud && (
  580 |        {!hideHud && (
      |         ^
  581 |        <div
  582 |          className="w-full flex justify-between items-center px-1"[39m
[2m7:49:20 p. m.[22m [31m[1m[vite][22m[39m [31m[2m(client)[22m[39m Pre-transform error: C:\Users\Dani No-Admin\Documents\GitHub\ai-chess-trainer\src\components\board-panel.jsx: Unexpected token (580:7)

[0m [90m 578 |[39m       {[90m/* Captured pieces — opponent (top) */[39m}
 [90m 579 |[39m       {[33m![39mhideHud [33m&&[39m (
[31m[1m>[22m[39m[90m 580 |[39m       {[33m![39mhideHud [33m&&[39m (
 [90m     |[39m        [31m[1m^[22m[39m
 [90m 581 |[39m       [33m<[39m[33mdiv[39m
 [90m 582 |[39m         className[33m=[39m[32m"w-full flex justify-between items-center px-1"[39m
 [90m 583 |[39m         style[33m=[39m{{ maxWidth[33m:[39m boardWidth }}[0m
  Plugin: [35mvite:react-babel[39m
  File: [36mC:/Users/Dani No-Admin/Documents/GitHub/ai-chess-trainer/src/components/board-panel.jsx[39m:580:7
[33m  578 |        {/* Captured pieces — opponent (top) */}
  579 |        {!hideHud && (
  580 |        {!hideHud && (
      |         ^
  581 |        <div
  582 |          className="w-full flex justify-between items-center px-1"[39m
[2m7:50:59 p. m.[22m [31m[1m[vite][22m[39m [31mInternal server error: EBUSY: resource busy or locked, open 'C:\Users\Dani No-Admin\Documents\GitHub\ai-chess-trainer\src\App.jsx'[39m
      at async open (node:internal/fs/promises:641:25)
      at async Object.readFile (node:internal/fs/promises:1245:14)
      at async loadAndTransform (file:///C:/Users/Dani%20No-Admin/Documents/GitHub/ai-chess-trainer/node_modules/vite/dist/node/chunks/config.js:22633:12)
      at async viteTransformMiddleware (file:///C:/Users/Dani%20No-Admin/Documents/GitHub/ai-chess-trainer/node_modules/vite/dist/node/chunks/config.js:24542:20)
[2m7:51:10 p. m.[22m [31m[1m[vite][22m[39m [31m[2m(client)[22m[39m Pre-transform error: C:\Users\Dani No-Admin\Documents\GitHub\ai-chess-trainer\src\components\board-panel.jsx: Unexpected token (580:7)

[0m [90m 578 |[39m       {[90m/* Captured pieces — opponent (top) */[39m}
 [90m 579 |[39m       {[33m![39mhideHud [33m&&[39m (
[31m[1m>[22m[39m[90m 580 |[39m       {[33m![39mhideHud [33m&&[39m (
 [90m     |[39m        [31m[1m^[22m[39m
 [90m 581 |[39m       [33m<[39m[33mdiv[39m
 [90m 582 |[39m         className[33m=[39m[32m"w-full flex justify-between items-center px-1"[39m
 [90m 583 |[39m         style[33m=[39m{{ maxWidth[33m:[39m boardWidth }}[0m
  Plugin: [35mvite:react-babel[39m
  File: [36mC:/Users/Dani No-Admin/Documents/GitHub/ai-chess-trainer/src/components/board-panel.jsx[39m:580:7
[33m  578 |        {/* Captured pieces — opponent (top) */}
  579 |        {!hideHud && (
  580 |        {!hideHud && (
      |         ^
  581 |        <div
  582 |          className="w-full flex justify-between items-center px-1"[39m
[2m7:51:21 p. m.[22m [31m[1m[vite][22m[39m [31m[2m(client)[22m[39m Pre-transform error: C:\Users\Dani No-Admin\Documents\GitHub\ai-chess-trainer\src\components\board-panel.jsx: Unexpected token (580:7)

[0m [90m 578 |[39m       {[90m/* Captured pieces — opponent (top) */[39m}
 [90m 579 |[39m       {[33m![39mhideHud [33m&&[39m (
[31m[1m>[22m[39m[90m 580 |[39m       {[33m![39mhideHud [33m&&[39m (
 [90m     |[39m        [31m[1m^[22m[39m
 [90m 581 |[39m       [33m<[39m[33mdiv[39m
 [90m 582 |[39m         className[33m=[39m[32m"w-full flex justify-between items-center px-1"[39m
 [90m 583 |[39m         style[33m=[39m{{ maxWidth[33m:[39m boardWidth }}[0m
  Plugin: [35mvite:react-babel[39m
  File: [36mC:/Users/Dani No-Admin/Documents/GitHub/ai-chess-trainer/src/components/board-panel.jsx[39m:580:7
[33m  578 |        {/* Captured pieces — opponent (top) */}
  579 |        {!hideHud && (
  580 |        {!hideHud && (
      |         ^
  581 |        <div
  582 |          className="w-full flex justify-between items-center px-1"[39m
[2m7:51:34 p. m.[22m [31m[1m[vite][22m[39m [31m[2m(client)[22m[39m Pre-transform error: C:\Users\Dani No-Admin\Documents\GitHub\ai-chess-trainer\src\components\board-panel.jsx: Unexpected token (580:7)

[0m [90m 578 |[39m       {[90m/* Captured pieces — opponent (top) */[39m}
 [90m 579 |[39m       {[33m![39mhideHud [33m&&[39m (
[31m[1m>[22m[39m[90m 580 |[39m       {[33m![39mhideHud [33m&&[39m (
 [90m     |[39m        [31m[1m^[22m[39m
 [90m 581 |[39m       [33m<[39m[33mdiv[39m
 [90m 582 |[39m         className[33m=[39m[32m"w-full flex justify-between items-center px-1"[39m
 [90m 583 |[39m         style[33m=[39m{{ maxWidth[33m:[39m boardWidth }}[0m
  Plugin: [35mvite:react-babel[39m
  File: [36mC:/Users/Dani No-Admin/Documents/GitHub/ai-chess-trainer/src/components/board-panel.jsx[39m:580:7
[33m  578 |        {/* Captured pieces — opponent (top) */}
  579 |        {!hideHud && (
  580 |        {!hideHud && (
      |         ^
  581 |        <div
  582 |          className="w-full flex justify-between items-center px-1"[39m
[2m7:53:21 p. m.[22m [33m[1m[vite][22m[39m [33m[2m(client)[22m[39m [33mwarning: [33mThe character "}" is not valid inside a JSX element[33m
689 |          
690 |        </div>
691 |        )}
    |         ^
692 |  
693 |        {/* Captured pieces — player (bottom) */}
[39m
  Plugin: [35mvite:esbuild[39m
  File: [36mC:/Users/Dani No-Admin/Documents/GitHub/ai-chess-trainer/src/components/board-panel.jsx[39m
